2026-03-02 11:18:59 [INFO] =======================================================
2026-03-02 11:18:59 [INFO]   意圖偵測守衛 v2.0 啟動
2026-03-02 11:18:59 [INFO]   偵測頻率：0.5s | Shorts 時限：3.0s
2026-03-02 11:18:59 [INFO]   冷卻時間：15.0s
2026-03-02 11:18:59 [INFO] =======================================================
2026-03-02 11:19:04 [ERROR] get_active_windows (mac) 錯誤：Command '['osascript', '-e', '\nset output to {}\ntell application "System Events"\n    set procs to every application process whose background only is false\n    repeat with p in procs\n        set pname to name of p\n        repeat with w in (every window of p)\n            set wtitle to ""\n            try\n                set wtitle to name of w\n            end try\n            if wtitle is not "" then\n                set end of output to (pname & "|" & wtitle)\n            end if\n        end repeat\n    end repeat\nend tell\nset AppleScript\'s text item delimiters to linefeed\noutput as text\n']' timed out after 5 seconds
2026-03-02 11:19:41 [ERROR] get_active_windows (mac) 錯誤：Command '['osascript', '-e', '\nset output to {}\ntell application "System Events"\n    set procs to every application process whose background only is false\n    repeat with p in procs\n        set pname to name of p\n        repeat with w in (every window of p)\n            set wtitle to ""\n            try\n                set wtitle to name of w\n            end try\n            if wtitle is not "" then\n                set end of output to (pname & "|" & wtitle)\n            end if\n        end repeat\n    end repeat\nend tell\nset AppleScript\'s text item delimiters to linefeed\noutput as text\n']' timed out after 5 seconds
2026-03-02 11:19:47 [ERROR] get_active_windows (mac) 錯誤：Command '['osascript', '-e', '\nset output to {}\ntell application "System Events"\n    set procs to every application process whose background only is false\n    repeat with p in procs\n        set pname to name of p\n        repeat with w in (every window of p)\n            set wtitle to ""\n            try\n                set wtitle to name of w\n            end try\n            if wtitle is not "" then\n                set end of output to (pname & "|" & wtitle)\n            end if\n        end repeat\n    end repeat\nend tell\nset AppleScript\'s text item delimiters to linefeed\noutput as text\n']' timed out after 5 seconds
2026-03-02 11:19:52 [ERROR] get_active_windows (mac) 錯誤：Command '['osascript', '-e', '\nset output to {}\ntell application "System Events"\n    set procs to every application process whose background only is false\n    repeat with p in procs\n        set pname to name of p\n        repeat with w in (every window of p)\n            set wtitle to ""\n            try\n                set wtitle to name of w\n            end try\n            if wtitle is not "" then\n                set end of output to (pname & "|" & wtitle)\n            end if\n        end repeat\n    end repeat\nend tell\nset AppleScript\'s text item delimiters to linefeed\noutput as text\n']' timed out after 5 seconds
2026-03-02 11:19:58 [ERROR] get_active_windows (mac) 錯誤：Command '['osascript', '-e', '\nset output to {}\ntell application "System Events"\n    set procs to every application process whose background only is false\n    repeat with p in procs\n        set pname to name of p\n        repeat with w in (every window of p)\n            set wtitle to ""\n            try\n                set wtitle to name of w\n            end try\n            if wtitle is not "" then\n                set end of output to (pname & "|" & wtitle)\n            end if\n        end repeat\n    end repeat\nend tell\nset AppleScript\'s text item delimiters to linefeed\noutput as text\n']' timed out after 5 seconds
2026-03-02 11:20:03 [ERROR] get_active_windows (mac) 錯誤：Command '['osascript', '-e', '\nset output to {}\ntell application "System Events"\n    set procs to every application process whose background only is false\n    repeat with p in procs\n        set pname to name of p\n        repeat with w in (every window of p)\n            set wtitle to ""\n            try\n                set wtitle to name of w\n            end try\n            if wtitle is not "" then\n                set end of output to (pname & "|" & wtitle)\n            end if\n        end repeat\n    end repeat\nend tell\nset AppleScript\'s text item delimiters to linefeed\noutput as text\n']' timed out after 5 seconds
2026-03-02 11:20:09 [ERROR] get_active_windows (mac) 錯誤：Command '['osascript', '-e', '\nset output to {}\ntell application "System Events"\n    set procs to every application process whose background only is false\n    repeat with p in procs\n        set pname to name of p\n        repeat with w in (every window of p)\n            set wtitle to ""\n            try\n                set wtitle to name of w\n            end try\n            if wtitle is not "" then\n                set end of output to (pname & "|" & wtitle)\n            end if\n        end repeat\n    end repeat\nend tell\nset AppleScript\'s text item delimiters to linefeed\noutput as text\n']' timed out after 5 seconds
2026-03-02 11:20:14 [ERROR] get_active_windows (mac) 錯誤：Command '['osascript', '-e', '\nset output to {}\ntell application "System Events"\n    set procs to every application process whose background only is false\n    repeat with p in procs\n        set pname to name of p\n        repeat with w in (every window of p)\n            set wtitle to ""\n            try\n                set wtitle to name of w\n            end try\n            if wtitle is not "" then\n                set end of output to (pname & "|" & wtitle)\n            end if\n        end repeat\n    end repeat\nend tell\nset AppleScript\'s text item delimiters to linefeed\noutput as text\n']' timed out after 5 seconds
2026-03-02 11:20:20 [ERROR] get_active_windows (mac) 錯誤：Command '['osascript', '-e', '\nset output to {}\ntell application "System Events"\n    set procs to every application process whose background only is false\n    repeat with p in procs\n        set pname to name of p\n        repeat with w in (every window of p)\n            set wtitle to ""\n            try\n                set wtitle to name of w\n            end try\n            if wtitle is not "" then\n                set end of output to (pname & "|" & wtitle)\n            end if\n        end repeat\n    end repeat\nend tell\nset AppleScript\'s text item delimiters to linefeed\noutput as text\n']' timed out after 5 seconds
2026-03-02 11:20:25 [ERROR] get_active_windows (mac) 錯誤：Command '['osascript', '-e', '\nset output to {}\ntell application "System Events"\n    set procs to every application process whose background only is false\n    repeat with p in procs\n        set pname to name of p\n        repeat with w in (every window of p)\n            set wtitle to ""\n            try\n                set wtitle to name of w\n            end try\n            if wtitle is not "" then\n                set end of output to (pname & "|" & wtitle)\n            end if\n        end repeat\n    end repeat\nend tell\nset AppleScript\'s text item delimiters to linefeed\noutput as text\n']' timed out after 5 seconds
2026-03-02 11:20:31 [ERROR] get_active_windows (mac) 錯誤：Command '['osascript', '-e', '\nset output to {}\ntell application "System Events"\n    set procs to every application process whose background only is false\n    repeat with p in procs\n        set pname to name of p\n        repeat with w in (every window of p)\n            set wtitle to ""\n            try\n                set wtitle to name of w\n            end try\n            if wtitle is not "" then\n                set end of output to (pname & "|" & wtitle)\n            end if\n        end repeat\n    end repeat\nend tell\nset AppleScript\'s text item delimiters to linefeed\noutput as text\n']' timed out after 5 seconds
2026-03-02 11:20:36 [ERROR] get_active_windows (mac) 錯誤：Command '['osascript', '-e', '\nset output to {}\ntell application "System Events"\n    set procs to every application process whose background only is false\n    repeat with p in procs\n        set pname to name of p\n        repeat with w in (every window of p)\n            set wtitle to ""\n            try\n                set wtitle to name of w\n            end try\n            if wtitle is not "" then\n                set end of output to (pname & "|" & wtitle)\n            end if\n        end repeat\n    end repeat\nend tell\nset AppleScript\'s text item delimiters to linefeed\noutput as text\n']' timed out after 5 seconds
2026-03-02 11:20:42 [ERROR] get_active_windows (mac) 錯誤：Command '['osascript', '-e', '\nset output to {}\ntell application "System Events"\n    set procs to every application process whose background only is false\n    repeat with p in procs\n        set pname to name of p\n        repeat with w in (every window of p)\n            set wtitle to ""\n            try\n                set wtitle to name of w\n            end try\n            if wtitle is not "" then\n                set end of output to (pname & "|" & wtitle)\n            end if\n        end repeat\n    end repeat\nend tell\nset AppleScript\'s text item delimiters to linefeed\noutput as text\n']' timed out after 5 seconds
2026-03-02 11:20:48 [ERROR] get_active_windows (mac) 錯誤：Command '['osascript', '-e', '\nset output to {}\ntell application "System Events"\n    set procs to every application process whose background only is false\n    repeat with p in procs\n        set pname to name of p\n        repeat with w in (every window of p)\n            set wtitle to ""\n            try\n                set wtitle to name of w\n            end try\n            if wtitle is not "" then\n                set end of output to (pname & "|" & wtitle)\n            end if\n        end repeat\n    end repeat\nend tell\nset AppleScript\'s text item delimiters to linefeed\noutput as text\n']' timed out after 5 seconds
2026-03-02 11:20:53 [ERROR] get_active_windows (mac) 錯誤：Command '['osascript', '-e', '\nset output to {}\ntell application "System Events"\n    set procs to every application process whose background only is false\n    repeat with p in procs\n        set pname to name of p\n        repeat with w in (every window of p)\n            set wtitle to ""\n            try\n                set wtitle to name of w\n            end try\n            if wtitle is not "" then\n                set end of output to (pname & "|" & wtitle)\n            end if\n        end repeat\n    end repeat\nend tell\nset AppleScript\'s text item delimiters to linefeed\noutput as text\n']' timed out after 5 seconds
2026-03-02 11:20:59 [ERROR] get_active_windows (mac) 錯誤：Command '['osascript', '-e', '\nset output to {}\ntell application "System Events"\n    set procs to every application process whose background only is false\n    repeat with p in procs\n        set pname to name of p\n        repeat with w in (every window of p)\n            set wtitle to ""\n            try\n                set wtitle to name of w\n            end try\n            if wtitle is not "" then\n                set end of output to (pname & "|" & wtitle)\n            end if\n        end repeat\n    end repeat\nend tell\nset AppleScript\'s text item delimiters to linefeed\noutput as text\n']' timed out after 5 seconds
2026-03-02 11:21:04 [ERROR] get_active_windows (mac) 錯誤：Command '['osascript', '-e', '\nset output to {}\ntell application "System Events"\n    set procs to every application process whose background only is false\n    repeat with p in procs\n        set pname to name of p\n        repeat with w in (every window of p)\n            set wtitle to ""\n            try\n                set wtitle to name of w\n            end try\n            if wtitle is not "" then\n                set end of output to (pname & "|" & wtitle)\n            end if\n        end repeat\n    end repeat\nend tell\nset AppleScript\'s text item delimiters to linefeed\noutput as text\n']' timed out after 5 seconds
2026-03-02 11:21:10 [ERROR] get_active_windows (mac) 錯誤：Command '['osascript', '-e', '\nset output to {}\ntell application "System Events"\n    set procs to every application process whose background only is false\n    repeat with p in procs\n        set pname to name of p\n        repeat with w in (every window of p)\n            set wtitle to ""\n            try\n                set wtitle to name of w\n            end try\n            if wtitle is not "" then\n                set end of output to (pname & "|" & wtitle)\n            end if\n        end repeat\n    end repeat\nend tell\nset AppleScript\'s text item delimiters to linefeed\noutput as text\n']' timed out after 5 seconds
2026-03-02 11:21:15 [ERROR] get_active_windows (mac) 錯誤：Command '['osascript', '-e', '\nset output to {}\ntell application "System Events"\n    set procs to every application process whose background only is false\n    repeat with p in procs\n        set pname to name of p\n        repeat with w in (every window of p)\n            set wtitle to ""\n            try\n                set wtitle to name of w\n            end try\n            if wtitle is not "" then\n                set end of output to (pname & "|" & wtitle)\n            end if\n        end repeat\n    end repeat\nend tell\nset AppleScript\'s text item delimiters to linefeed\noutput as text\n']' timed out after 5 seconds
2026-03-02 11:24:56 [ERROR] get_active_windows (mac) 錯誤：Command '['osascript', '-e', '\nset output to {}\ntell application "System Events"\n    set procs to every application process whose background only is false\n    repeat with p in procs\n        set pname to name of p\n        repeat with w in (every window of p)\n            set wtitle to ""\n            try\n                set wtitle to name of w\n            end try\n            if wtitle is not "" then\n                set end of output to (pname & "|" & wtitle)\n            end if\n        end repeat\n    end repeat\nend tell\nset AppleScript\'s text item delimiters to linefeed\noutput as text\n']' timed out after 5 seconds
2026-03-02 11:25:54 [ERROR] get_active_windows (mac) 錯誤：Command '['osascript', '-e', '\nset output to {}\ntell application "System Events"\n    set procs to every application process whose background only is false\n    repeat with p in procs\n        set pname to name of p\n        repeat with w in (every window of p)\n            set wtitle to ""\n            try\n                set wtitle to name of w\n            end try\n            if wtitle is not "" then\n                set end of output to (pname & "|" & wtitle)\n            end if\n        end repeat\n    end repeat\nend tell\nset AppleScript\'s text item delimiters to linefeed\noutput as text\n']' timed out after 5 seconds
2026-03-02 11:26:00 [ERROR] get_active_windows (mac) 錯誤：Command '['osascript', '-e', '\nset output to {}\ntell application "System Events"\n    set procs to every application process whose background only is false\n    repeat with p in procs\n        set pname to name of p\n        repeat with w in (every window of p)\n            set wtitle to ""\n            try\n                set wtitle to name of w\n            end try\n            if wtitle is not "" then\n                set end of output to (pname & "|" & wtitle)\n            end if\n        end repeat\n    end repeat\nend tell\nset AppleScript\'s text item delimiters to linefeed\noutput as text\n']' timed out after 5 seconds
2026-03-02 11:26:05 [ERROR] get_active_windows (mac) 錯誤：Command '['osascript', '-e', '\nset output to {}\ntell application "System Events"\n    set procs to every application process whose background only is false\n    repeat with p in procs\n        set pname to name of p\n        repeat with w in (every window of p)\n            set wtitle to ""\n            try\n                set wtitle to name of w\n            end try\n            if wtitle is not "" then\n                set end of output to (pname & "|" & wtitle)\n            end if\n        end repeat\n    end repeat\nend tell\nset AppleScript\'s text item delimiters to linefeed\noutput as text\n']' timed out after 5 seconds
2026-03-02 11:26:11 [ERROR] get_active_windows (mac) 錯誤：Command '['osascript', '-e', '\nset output to {}\ntell application "System Events"\n    set procs to every application process whose background only is false\n    repeat with p in procs\n        set pname to name of p\n        repeat with w in (every window of p)\n            set wtitle to ""\n            try\n                set wtitle to name of w\n            end try\n            if wtitle is not "" then\n                set end of output to (pname & "|" & wtitle)\n            end if\n        end repeat\n    end repeat\nend tell\nset AppleScript\'s text item delimiters to linefeed\noutput as text\n']' timed out after 5 seconds
2026-03-02 11:26:16 [ERROR] get_active_windows (mac) 錯誤：Command '['osascript', '-e', '\nset output to {}\ntell application "System Events"\n    set procs to every application process whose background only is false\n    repeat with p in procs\n        set pname to name of p\n        repeat with w in (every window of p)\n            set wtitle to ""\n            try\n                set wtitle to name of w\n            end try\n            if wtitle is not "" then\n                set end of output to (pname & "|" & wtitle)\n            end if\n        end repeat\n    end repeat\nend tell\nset AppleScript\'s text item delimiters to linefeed\noutput as text\n']' timed out after 5 seconds
2026-03-02 11:26:22 [ERROR] get_active_windows (mac) 錯誤：Command '['osascript', '-e', '\nset output to {}\ntell application "System Events"\n    set procs to every application process whose background only is false\n    repeat with p in procs\n        set pname to name of p\n        repeat with w in (every window of p)\n            set wtitle to ""\n            try\n                set wtitle to name of w\n            end try\n            if wtitle is not "" then\n                set end of output to (pname & "|" & wtitle)\n            end if\n        end repeat\n    end repeat\nend tell\nset AppleScript\'s text item delimiters to linefeed\noutput as text\n']' timed out after 5 seconds
2026-03-02 11:26:27 [ERROR] get_active_windows (mac) 錯誤：Command '['osascript', '-e', '\nset output to {}\ntell application "System Events"\n    set procs to every application process whose background only is false\n    repeat with p in procs\n        set pname to name of p\n        repeat with w in (every window of p)\n            set wtitle to ""\n            try\n                set wtitle to name of w\n            end try\n            if wtitle is not "" then\n                set end of output to (pname & "|" & wtitle)\n            end if\n        end repeat\n    end repeat\nend tell\nset AppleScript\'s text item delimiters to linefeed\noutput as text\n']' timed out after 5 seconds
2026-03-02 11:28:03 [ERROR] get_active_windows (mac) 錯誤：Command '['osascript', '-e', '\nset output to {}\ntell application "System Events"\n    set procs to every application process whose background only is false\n    repeat with p in procs\n        set pname to name of p\n        repeat with w in (every window of p)\n            set wtitle to ""\n            try\n                set wtitle to name of w\n            end try\n            if wtitle is not "" then\n                set end of output to (pname & "|" & wtitle)\n            end if\n        end repeat\n    end repeat\nend tell\nset AppleScript\'s text item delimiters to linefeed\noutput as text\n']' timed out after 5 seconds
2026-03-02 11:28:09 [ERROR] get_active_windows (mac) 錯誤：Command '['osascript', '-e', '\nset output to {}\ntell application "System Events"\n    set procs to every application process whose background only is false\n    repeat with p in procs\n        set pname to name of p\n        repeat with w in (every window of p)\n            set wtitle to ""\n            try\n                set wtitle to name of w\n            end try\n            if wtitle is not "" then\n                set end of output to (pname & "|" & wtitle)\n            end if\n        end repeat\n    end repeat\nend tell\nset AppleScript\'s text item delimiters to linefeed\noutput as text\n']' timed out after 5 seconds
2026-03-02 11:33:48 [INFO] 守衛已手動停止。
2026-03-02 11:33:58 [INFO] =======================================================
2026-03-02 11:33:58 [INFO]   意圖偵測守衛 v2.1 啟動（Quartz 快速偵測）
2026-03-02 11:33:58 [INFO]   偵測頻率：0.5s | Shorts 時限：3.0s
2026-03-02 11:33:58 [INFO]   冷卻時間：15.0s
2026-03-02 11:33:58 [INFO] =======================================================
2026-03-02 11:51:07 [INFO] 守衛已手動停止。
2026-03-02 11:54:59 [INFO] ============================================================
2026-03-02 11:54:59 [INFO]   意圖偵測守衛 v2.3 — Chrome Debug Protocol 模式
2026-03-02 11:54:59 [INFO]   偵測頻率：0.5s | Shorts 時限：3.0s
2026-03-02 11:54:59 [INFO]   冷卻時間：15.0s
2026-03-02 11:54:59 [INFO]   ⚠️  請確認 Chrome 由 start_chrome.sh 啟動
2026-03-02 11:54:59 [INFO] ============================================================
2026-03-02 11:54:59 [WARNING] ⚠️  無法讀取 Chrome 分頁。請確認 Chrome 以除錯模式啟動（執行 start_chrome.sh）
2026-03-02 12:07:57 [INFO] 守衛已手動停止。
2026-03-02 12:24:46 [INFO] ==========================================================
2026-03-02 12:24:46 [INFO]   意圖偵測守衛 v2.4 — 正式版
2026-03-02 12:24:46 [INFO]   偵測頻率：0.5s | Shorts 時限：3.0s
2026-03-02 12:24:46 [INFO]   冷卻時間：15.0s
2026-03-02 12:24:46 [INFO]   監控：Chrome / Safari / Firefox / Edge / Brave / Arc
2026-03-02 12:24:46 [INFO] ==========================================================
2026-03-02 12:26:58 [WARNING] ⛔ [YouTube 娛樂] 攔截：YouTube
2026-03-02 12:26:58 [INFO] 已隱藏視窗：Google Chrome
2026-03-02 12:29:03 [INFO] ==========================================================
2026-03-02 12:29:03 [INFO]   意圖偵測守衛 v2.4 — 正式版
2026-03-02 12:29:03 [INFO]   偵測頻率：0.5s | Shorts 時限：3.0s
2026-03-02 12:29:03 [INFO]   冷卻時間：15.0s
2026-03-02 12:29:03 [INFO]   監控：Chrome / Safari / Firefox / Edge / Brave / Arc
2026-03-02 12:29:03 [INFO] ==========================================================
2026-03-02 12:29:06 [WARNING] ⚡ Shorts/Reels/TikTok 偵測（計時開始）：(10) 爸爸的巧克力保護計畫失敗了 - YouTube
2026-03-02 12:29:12 [WARNING] ⚡ Shorts/Reels/TikTok 偵測（計時開始）：(10) Unlock new skills in the New Year#Happy New Year #
2026-03-02 12:29:15 [WARNING] 🚫 超過 3.0s → 攔截：(10) Unlock new skills in the New Year#Happy New Year #
2026-03-02 12:29:16 [INFO] 已隱藏視窗：Google Chrome
2026-03-02 13:24:54 [INFO] ==========================================================
2026-03-02 13:24:54 [INFO]   意圖偵測守衛 v2.4 — 正式版
2026-03-02 13:24:54 [INFO]   偵測頻率：0.5s | Shorts 時限：3.0s
2026-03-02 13:24:54 [INFO]   冷卻時間：15.0s
2026-03-02 13:24:54 [INFO]   監控：Chrome / Safari / Firefox / Edge / Brave / Arc
2026-03-02 13:24:54 [INFO] ==========================================================
2026-03-02 13:25:17 [WARNING] ⛔ [YouTube 娛樂] 攔截：YouTube
2026-03-02 13:25:17 [INFO] 已隱藏視窗：Google Chrome
2026-03-02 13:25:37 [WARNING] ⚡ Shorts/Reels/TikTok 偵測（計時開始）：(10) 你们敢相信物理吗？#搞笑 #搞笑视频 #大熱門 #vlog #高能段子手 #斗智斗勇 #遊戲 #沙雕
2026-03-02 13:25:42 [WARNING] 🚫 超過 3.0s → 攔截：(10) 你们敢相信物理吗？#搞笑 #搞笑视频 #大熱門 #vlog #高能段子手 #斗智斗勇 #遊戲 #沙雕
2026-03-02 13:25:42 [INFO] 已隱藏視窗：Google Chrome
2026-03-02 13:25:45 [WARNING] ⚡ Shorts/Reels/TikTok 偵測（計時開始）：(10) 你们敢相信物理吗？#搞笑 #搞笑视频 #大熱門 #vlog #高能段子手 #斗智斗勇 #遊戲 #沙雕
2026-03-02 13:26:05 [WARNING] ⚡ Shorts/Reels/TikTok 偵測（計時開始）：(10) 《牢牢牢弟使用手册》#搞笑 #搞笑视频 #大熱門 #vlog #高能段子手 #斗智斗勇 #funny
2026-03-02 13:26:10 [WARNING] ⚡ Shorts/Reels/TikTok 偵測（計時開始）：(10) 園丁可以考慮去應徵🥌 - YouTube
2026-03-02 13:26:13 [WARNING] 🚫 超過 3.0s → 攔截：(10) 園丁可以考慮去應徵🥌 - YouTube
2026-03-02 13:26:14 [INFO] 已隱藏視窗：Google Chrome
2026-03-02 13:26:16 [WARNING] ⚡ Shorts/Reels/TikTok 偵測（計時開始）：(10) 園丁可以考慮去應徵🥌 - YouTube
2026-03-02 13:26:30 [WARNING] 🚫 超過 3.0s → 攔截：(10) 園丁可以考慮去應徵🥌 - YouTube
2026-03-02 13:26:31 [INFO] 已隱藏視窗：Google Chrome
2026-03-02 13:26:33 [WARNING] ⚡ Shorts/Reels/TikTok 偵測（計時開始）：(10) 園丁可以考慮去應徵🥌 - YouTube
2026-03-02 13:26:48 [WARNING] 🚫 超過 3.0s → 攔截：(10) 園丁可以考慮去應徵🥌 - YouTube
2026-03-02 13:26:49 [INFO] 已隱藏視窗：Google Chrome
2026-03-02 13:26:50 [WARNING] ⚡ Shorts/Reels/TikTok 偵測（計時開始）：(10) 我的世界：當兄弟掛機時 #minecraft - YouTube
2026-03-02 13:26:54 [WARNING] 🚫 超過 3.0s → 攔截：(10) 我的世界：當兄弟掛機時 #minecraft - YouTube
2026-03-02 13:26:55 [INFO] 已隱藏視窗：Google Chrome
2026-03-02 13:26:57 [WARNING] ⚡ Shorts/Reels/TikTok 偵測（計時開始）：(10) 我的世界：當兄弟掛機時 #minecraft - YouTube
2026-03-02 13:27:27 [WARNING] ⚡ Shorts/Reels/TikTok 偵測（計時開始）：(10) 女子拳击史上最残酷的一拳，一拳下去直接翻白眼... #拳击比赛 #拳击 #张伟丽 - YouTube
2026-03-02 13:27:31 [WARNING] ⚡ Shorts/Reels/TikTok 偵測（計時開始）：(10) 假克萊騙了所有NBA安檢！ #nba #warriors #klaythompson - YouTu
2026-03-02 13:27:34 [WARNING] 🚫 超過 3.0s → 攔截：(10) 假克萊騙了所有NBA安檢！ #nba #warriors #klaythompson - YouTu
2026-03-02 13:27:35 [INFO] 已隱藏視窗：Google Chrome
2026-03-02 13:27:36 [WARNING] ⚡ Shorts/Reels/TikTok 偵測（計時開始）：(10) 假克萊騙了所有NBA安檢！ #nba #warriors #klaythompson - YouTu
2026-03-02 13:27:51 [WARNING] ⚡ Shorts/Reels/TikTok 偵測（計時開始）：(10) 假克萊騙了所有NBA安檢！ #nba #warriors #klaythompson - YouTu
2026-03-02 13:27:52 [WARNING] ⚡ Shorts/Reels/TikTok 偵測（計時開始）：(10) #搞笑 #沙雕剧情 #校园 #内容过于真实 当你成为00后父母，这就是致富之路！ - YouTube
2026-03-02 13:27:56 [WARNING] 🚫 超過 3.0s → 攔截：(10) #搞笑 #沙雕剧情 #校园 #内容过于真实 当你成为00后父母，这就是致富之路！ - YouTube
2026-03-02 13:27:57 [INFO] 已隱藏視窗：Google Chrome
2026-03-02 13:27:58 [WARNING] ⚡ Shorts/Reels/TikTok 偵測（計時開始）：(10) #搞笑 #沙雕剧情 #校园 #内容过于真实 当你成为00后父母，这就是致富之路！ - YouTube
2026-03-02 13:28:12 [WARNING] 🚫 超過 3.0s → 攔截：(10) #搞笑 #沙雕剧情 #校园 #内容过于真实 当你成为00后父母，这就是致富之路！ - YouTube
2026-03-02 13:28:13 [INFO] 已隱藏視窗：Google Chrome
2026-03-02 13:28:15 [WARNING] ⚡ Shorts/Reels/TikTok 偵測（計時開始）：(10) #搞笑 #沙雕剧情 #校园 #内容过于真实 当你成为00后父母，这就是致富之路！ - YouTube
2026-03-02 13:28:25 [INFO] 守衛已手動停止。
2026-03-02 13:30:26 [INFO] ==========================================================
2026-03-02 13:30:26 [INFO]   意圖偵測守衛 v2.4 — 正式版
2026-03-02 13:30:26 [INFO]   偵測頻率：0.5s | Shorts 時限：1.0s
2026-03-02 13:30:26 [INFO]   冷卻時間：15.0s
2026-03-02 13:30:26 [INFO]   監控：Chrome / Safari / Firefox / Edge / Brave / Arc
2026-03-02 13:30:26 [INFO] ==========================================================
2026-03-02 13:30:29 [WARNING] ⚡ Shorts/Reels/TikTok 偵測（計時開始）：(10) #搞笑 #沙雕剧情 #校园 #内容过于真实 当你成为00后父母，这就是致富之路！ - YouTube
2026-03-02 13:30:31 [WARNING] 🚫 超過 1.0s → 攔截：(10) #搞笑 #沙雕剧情 #校园 #内容过于真实 当你成为00后父母，这就是致富之路！ - YouTube
2026-03-02 13:30:31 [INFO] 已關閉視窗：Google Chrome
2026-03-02 13:30:48 [WARNING] ⛔ [YouTube 娛樂] 攔截：YouTube
2026-03-02 13:30:49 [INFO] 已關閉視窗：Google Chrome
2026-03-02 13:31:07 [WARNING] ⛔ [YouTube 娛樂] 攔截：YouTube
2026-03-02 13:31:07 [INFO] 已關閉視窗：Google Chrome
2026-03-02 13:47:34 [INFO] 守衛已手動停止。
2026-03-02 13:47:55 [INFO] ==========================================================
2026-03-02 13:47:55 [INFO]   意圖偵測守衛 v2.5 — GUI Setup & Config 模式
2026-03-02 13:47:55 [INFO]   AI 模式：❌ 未啟用（使用關鍵字）
2026-03-02 13:47:55 [INFO]   設定檔：guard_config.json
2026-03-02 13:47:55 [INFO]   偵測頻率：0.5s | Shorts 時限：1.0s
2026-03-02 13:47:55 [INFO]   冷卻時間：15.0s
2026-03-02 13:47:55 [INFO]   監控：Chrome / Safari / Firefox / Edge / Brave / Arc
2026-03-02 13:47:55 [INFO] ==========================================================
2026-03-02 13:49:51 [INFO] ==========================================================
2026-03-02 13:49:51 [INFO]   意圖偵測守衛 v2.5 — GUI Setup & Config 模式
2026-03-02 13:49:51 [INFO]   AI 模式：❌ 未啟用（使用關鍵字）
2026-03-02 13:49:51 [INFO]   設定檔：guard_config.json
2026-03-02 13:49:51 [INFO]   偵測頻率：0.5s | Shorts 時限：1.0s
2026-03-02 13:49:51 [INFO]   冷卻時間：15.0s
2026-03-02 13:49:51 [INFO]   監控：Chrome / Safari / Firefox / Edge / Brave / Arc
2026-03-02 13:49:51 [INFO] ==========================================================
2026-03-02 13:50:18 [INFO] ✅ 學習：唸錯大半輩子的發音，要怎麼改？ #英文 #SoR #美語 #發音 - YouTube
2026-03-02 13:50:20 [INFO] ✅ 學習：(18) 唸錯大半輩子的發音，要怎麼改？ #英文 #SoR #美語 #發音 - YouTube
2026-03-02 13:50:21 [INFO] ✅ 學習：(18) 唸錯大半輩子的發音，要怎麼改？ #英文 #SoR #美語 #發音 - YouTube
2026-03-02 13:50:23 [INFO] ✅ 學習：(18) 唸錯大半輩子的發音，要怎麼改？ #英文 #SoR #美語 #發音 - YouTube
2026-03-02 13:50:24 [INFO] ✅ 學習：(18) 唸錯大半輩子的發音，要怎麼改？ #英文 #SoR #美語 #發音 - YouTube
2026-03-02 13:50:26 [INFO] ✅ 學習：(18) 唸錯大半輩子的發音，要怎麼改？ #英文 #SoR #美語 #發音 - YouTube
2026-03-02 13:50:29 [INFO] ✅ 學習：(18) 唸錯大半輩子的發音，要怎麼改？ #英文 #SoR #美語 #發音 - YouTube
2026-03-02 13:50:32 [INFO] ✅ 學習：(18) 唸錯大半輩子的發音，要怎麼改？ #英文 #SoR #美語 #發音 - YouTube
2026-03-02 13:50:41 [WARNING] ⚡ Shorts/Reels/TikTok 偵測（計時開始）：(18) 安检时的离谱时刻 #内容过于真实 #一人分饰多角 #搞笑 - YouTube
2026-03-02 13:50:43 [WARNING] 🚫 超過 1.0s → 攔截：(18) 安检时的离谱时刻 #内容过于真实 #一人分饰多角 #搞笑 - YouTube
2026-03-02 13:50:43 [INFO] 已關閉視窗：Google Chrome
2026-03-02 13:51:09 [WARNING] ⚡ Shorts/Reels/TikTok 偵測（計時開始）：YouTube
2026-03-02 13:51:11 [WARNING] ⚡ Shorts/Reels/TikTok 偵測（計時開始）：(10) 玻璃纤维到底有多可怕？ #玻璃纤维 #制造业 #车间实拍 #科普 - YouTube
2026-03-02 13:51:13 [WARNING] 🚫 超過 1.0s → 攔截：(10) 玻璃纤维到底有多可怕？ #玻璃纤维 #制造业 #车间实拍 #科普 - YouTube
2026-03-02 13:51:13 [INFO] 已關閉視窗：Google Chrome
2026-03-02 13:52:21 [WARNING] ⚡ Shorts/Reels/TikTok 偵測（計時開始）：(10) sor - YouTube
2026-03-02 13:52:23 [WARNING] ⚡ Shorts/Reels/TikTok 偵測（計時開始）：(10) 美國聽力學博士：出國唸書，英文不一定突飛猛進，關鍵在「這個」 #英文 #美語 #SoR #師資班 #
2026-03-02 13:52:25 [WARNING] 🚫 超過 1.0s → 攔截：(10) 美國聽力學博士：出國唸書，英文不一定突飛猛進，關鍵在「這個」 #英文 #美語 #SoR #師資班 #
2026-03-02 13:52:25 [INFO] 已關閉視窗：Google Chrome
2026-03-02 13:52:35 [INFO] 守衛已手動停止。
2026-03-02 13:56:19 [INFO] ==========================================================
2026-03-02 13:56:19 [INFO]   意圖偵測守衛 v2.5 — GUI Setup & Config 模式
2026-03-02 13:56:19 [INFO]   AI 模式：❌ 未啟用（使用關鍵字）
2026-03-02 13:56:19 [INFO]   設定檔：guard_config.json
2026-03-02 13:56:19 [INFO]   偵測頻率：0.5s | Shorts 時限：1.0s
2026-03-02 13:56:19 [INFO]   冷卻時間：15.0s
2026-03-02 13:56:19 [INFO]   監控：Chrome / Safari / Firefox / Edge / Brave / Arc
2026-03-02 13:56:19 [INFO] ==========================================================
2026-03-02 13:56:38 [INFO] 守衛已手動停止。
2026-03-02 13:56:50 [INFO] ==========================================================
2026-03-02 13:56:50 [INFO]   意圖偵測守衛 v2.5 — GUI Setup & Config 模式
2026-03-02 13:56:50 [INFO]   AI 模式：❌ 未啟用（使用關鍵字）
2026-03-02 13:56:50 [INFO]   設定檔：guard_config.json
2026-03-02 13:56:50 [INFO]   偵測頻率：0.5s | Shorts 時限：1.0s
2026-03-02 13:56:50 [INFO]   冷卻時間：15.0s
2026-03-02 13:56:50 [INFO]   監控：Chrome / Safari / Firefox / Edge / Brave / Arc
2026-03-02 13:56:50 [INFO] ==========================================================
2026-03-02 13:57:16 [INFO] 守衛已手動停止。
2026-03-02 14:00:07 [INFO] ==========================================================
2026-03-02 14:00:07 [INFO]   意圖偵測守衛 v2.5 — GUI Setup & Config 模式
2026-03-02 14:00:07 [INFO]   AI 模式：✅ 啟用
2026-03-02 14:00:07 [INFO]   設定檔：guard_config.json
2026-03-02 14:00:07 [INFO]   偵測頻率：0.5s | Shorts 時限：1.0s
2026-03-02 14:00:07 [INFO]   冷卻時間：15.0s
2026-03-02 14:00:07 [INFO]   監控：Chrome / Safari / Firefox / Edge / Brave / Arc
2026-03-02 14:00:07 [INFO] ==========================================================
2026-03-02 14:00:26 [WARNING] AI 判定失敗（改用關鍵字）：HTTP Error 429: Too Many Requests
2026-03-02 14:00:42 [WARNING] ⚡ Shorts/Reels/TikTok 偵測（計時開始）：(18) ASMR | Manyu’s Immersive SPA | A Gentle Daily Pupp
2026-03-02 14:00:44 [WARNING] 🚫 超過 1.0s → 攔截：(18) ASMR | Manyu’s Immersive SPA | A Gentle Daily Pupp
2026-03-02 14:00:45 [INFO] 已關閉視窗：Google Chrome
2026-03-02 14:01:41 [WARNING] AI 判定失敗（改用關鍵字）：HTTP Error 429: Too Many Requests
2026-03-02 14:01:47 [WARNING] AI 判定失敗（改用關鍵字）：HTTP Error 429: Too Many Requests
2026-03-02 14:01:53 [WARNING] AI 判定失敗（改用關鍵字）：HTTP Error 429: Too Many Requests
2026-03-02 14:02:00 [WARNING] AI 判定失敗（改用關鍵字）：HTTP Error 429: Too Many Requests
2026-03-02 14:02:03 [WARNING] ⚡ Shorts/Reels/TikTok 偵測（計時開始）：(10) 為了活著而遊🍣 - YouTube
2026-03-02 14:02:05 [WARNING] 🚫 超過 1.0s → 攔截：(10) 為了活著而遊🍣 - YouTube
2026-03-02 14:02:05 [INFO] 已關閉視窗：Google Chrome
2026-03-02 14:02:37 [WARNING] AI 判定失敗（改用關鍵字）：HTTP Error 429: Too Many Requests
2026-03-02 14:02:41 [WARNING] AI 判定失敗（改用關鍵字）：HTTP Error 429: Too Many Requests
2026-03-02 14:02:43 [WARNING] ⚡ Shorts/Reels/TikTok 偵測（計時開始）：(10) SoR 英文教改海嘯 強勢襲台！ #英文 #美語 #SoR #師資班 #不滿意全額退費 #同步美國 
2026-03-02 14:02:47 [WARNING] 🚫 超過 1.0s → 攔截：(10) SoR 英文教改海嘯 強勢襲台！ #英文 #美語 #SoR #師資班 #不滿意全額退費 #同步美國 
2026-03-02 14:02:48 [INFO] 已關閉視窗：Google Chrome
2026-03-02 14:23:58 [INFO] 守衛已手動停止。
2026-03-02 14:24:08 [INFO] ==========================================================
2026-03-02 14:24:08 [INFO]   意圖偵測守衛 v2.5 — GUI Setup & Config 模式
2026-03-02 14:24:08 [INFO]   AI 模式：✅ 啟用
2026-03-02 14:24:08 [INFO]   設定檔：guard_config.json
2026-03-02 14:24:08 [INFO]   偵測頻率：0.5s | Shorts 時限：1.0s
2026-03-02 14:24:08 [INFO]   冷卻時間：15.0s
2026-03-02 14:24:08 [INFO]   監控：Chrome / Safari / Firefox / Edge / Brave / Arc
2026-03-02 14:24:08 [INFO] ==========================================================
2026-03-02 14:24:28 [WARNING] ⚡ Shorts/Reels/TikTok 偵測（計時開始）：(10) A Green CARD?😱 #viral #football #funny #footballsh
2026-03-02 14:24:30 [WARNING] 🚫 超過 1.0s → 攔截：(10) A Green CARD?😱 #viral #football #funny #footballsh
2026-03-02 14:24:30 [INFO] 已關閉分頁：Google Chrome
2026-03-02 14:24:54 [WARNING] ⚡ Shorts/Reels/TikTok 偵測（計時開始）：(10) 全校倒第一还想上体育课？#一人分饰多角 #走读生 #搞笑 - YouTube
2026-03-02 14:24:55 [WARNING] 🚫 超過 1.0s → 攔截：(10) 全校倒第一还想上体育课？#一人分饰多角 #走读生 #搞笑 - YouTube
2026-03-02 14:24:56 [INFO] 已關閉分頁：Google Chrome
2026-03-02 14:25:55 [WARNING] AI 連線不穩或忙碌（準備重試 1/3）：HTTP Error 429: Too Many Requests
2026-03-02 14:26:00 [WARNING] AI 連線不穩或忙碌（準備重試 2/3）：HTTP Error 429: Too Many Requests
2026-03-02 14:26:03 [WARNING] AI 判定連續失敗 3 次（強制改用關鍵字防護）：HTTP Error 429: Too Many Requests
2026-03-02 14:26:03 [WARNING] ⛔ [YouTube 娛樂] 攔截：(10) 周杰倫 Jay Chou【可愛女人 Cute Girl (feat.徐若瑄Vivian)】 -Off
2026-03-02 14:26:04 [INFO] 已關閉分頁：Google Chrome
2026-03-02 14:26:37 [WARNING] AI 連線不穩或忙碌（準備重試 1/3）：HTTP Error 429: Too Many Requests
2026-03-02 14:26:39 [WARNING] AI 連線不穩或忙碌（準備重試 2/3）：HTTP Error 429: Too Many Requests
2026-03-02 14:26:41 [WARNING] AI 判定連續失敗 3 次（強制改用關鍵字防護）：HTTP Error 429: Too Many Requests
2026-03-02 14:27:17 [WARNING] AI 連線不穩或忙碌（準備重試 1/3）：HTTP Error 429: Too Many Requests
2026-03-02 14:27:21 [WARNING] AI 連線不穩或忙碌（準備重試 2/3）：HTTP Error 429: Too Many Requests
2026-03-02 14:27:24 [WARNING] AI 判定連續失敗 3 次（強制改用關鍵字防護）：HTTP Error 429: Too Many Requests
2026-03-02 14:27:28 [WARNING] AI 連線不穩或忙碌（準備重試 1/3）：HTTP Error 429: Too Many Requests
2026-03-02 14:27:30 [WARNING] AI 連線不穩或忙碌（準備重試 2/3）：HTTP Error 429: Too Many Requests
2026-03-02 14:27:33 [WARNING] AI 判定連續失敗 3 次（強制改用關鍵字防護）：HTTP Error 429: Too Many Requests
2026-03-02 14:30:02 [INFO] 守衛已手動停止。
2026-03-02 15:49:57 [INFO] ==========================================================
2026-03-02 15:49:57 [INFO]   意圖偵測守衛 v2.6 — 零延遲模式
2026-03-02 15:49:57 [INFO]   AI 模式：✅ 啟用
2026-03-02 15:49:57 [INFO]   設定檔：guard_config.json
2026-03-02 15:49:57 [INFO]   偵測頻率：0.5s | 短影音：0 秒攔截
2026-03-02 15:49:57 [INFO]   冷卻時間：15.0s
2026-03-02 15:49:57 [INFO]   監控：Chrome / Safari / Firefox / Edge / Brave / Arc
2026-03-02 15:49:57 [INFO] ==========================================================
2026-03-02 15:50:29 [WARNING] 🚫 [零容忍] 即時攔截短影音：(10) 在船上跳起來，為何會失重？ - YouTube
2026-03-02 15:50:29 [INFO] 已關閉分頁：Google Chrome
2026-03-02 15:51:03 [WARNING] AI 連線不穩或忙碌（準備重試 1/3）：HTTP Error 429: Too Many Requests
2026-03-02 15:51:07 [WARNING] AI 連線不穩或忙碌（準備重試 1/3）：HTTP Error 429: Too Many Requests
2026-03-02 15:51:09 [WARNING] AI 連線不穩或忙碌（準備重試 2/3）：HTTP Error 429: Too Many Requests
2026-03-02 15:51:13 [WARNING] AI 判定連續失敗 3 次（強制改用關鍵字防護）：HTTP Error 429: Too Many Requests
2026-03-02 15:51:31 [WARNING] AI 連線不穩或忙碌（準備重試 2/3）：HTTP Error 429: Too Many Requests
2026-03-02 15:51:33 [WARNING] 🚫 [零容忍] 即時攔截短影音：(10) 冬奧會上最燒錢的運動《鋼架雪車》#冬奧會 #鋼架雪車 #冬季運動 #冷知識 - YouTube
2026-03-02 15:51:34 [INFO] 已關閉分頁：Google Chrome
2026-03-02 15:51:38 [INFO] 守衛已手動停止。
2026-03-03 11:24:33 [INFO] ==========================================================
2026-03-03 11:24:33 [INFO]   意圖偵測守衛 v2.6 — 零延遲模式
2026-03-03 11:24:33 [INFO]   AI 模式：✅ 啟用
2026-03-03 11:24:33 [INFO]   設定檔：guard_config.json
2026-03-03 11:24:33 [INFO]   偵測頻率：0.5s | 短影音：0 秒攔截
2026-03-03 11:24:33 [INFO]   冷卻時間：15.0s
2026-03-03 11:24:33 [INFO]   監控：Chrome / Safari / Firefox / Edge / Brave / Arc
2026-03-03 11:24:33 [INFO] ==========================================================
2026-03-03 11:24:45 [WARNING] AI 連線不穩或忙碌（準備重試 1/3）：HTTP Error 404: Not Found
2026-03-03 11:24:50 [WARNING] AI 連線不穩或忙碌（準備重試 2/3）：HTTP Error 404: Not Found
2026-03-03 11:24:58 [WARNING] AI 連線不穩或忙碌（準備重試 1/3）：HTTP Error 404: Not Found
2026-03-03 11:25:09 [WARNING] AI 連線不穩或忙碌（準備重試 1/3）：HTTP Error 404: Not Found
2026-03-03 11:25:13 [WARNING] AI 連線不穩或忙碌（準備重試 2/3）：HTTP Error 404: Not Found
2026-03-03 11:25:17 [WARNING] AI 判定連續失敗 3 次（強制改用關鍵字防護）：HTTP Error 404: Not Found
2026-03-03 11:25:40 [WARNING] AI 連線不穩或忙碌（準備重試 1/3）：HTTP Error 404: Not Found
2026-03-03 11:25:43 [WARNING] AI 連線不穩或忙碌（準備重試 2/3）：HTTP Error 404: Not Found
2026-03-03 11:25:47 [WARNING] AI 判定連續失敗 3 次（強制改用關鍵字防護）：HTTP Error 404: Not Found
2026-03-03 11:25:59 [INFO] 守衛已手動停止。
2026-03-03 11:28:38 [INFO] ==========================================================
2026-03-03 11:28:38 [INFO]   意圖偵測守衛 v2.6 — 零延遲模式
2026-03-03 11:28:38 [INFO]   AI 模式：✅ 啟用
2026-03-03 11:28:38 [INFO]   設定檔：guard_config.json
2026-03-03 11:28:38 [INFO]   偵測頻率：0.5s | 短影音：0 秒攔截
2026-03-03 11:28:38 [INFO]   冷卻時間：15.0s
2026-03-03 11:28:38 [INFO]   監控：Chrome / Safari / Firefox / Edge / Brave / Arc
2026-03-03 11:28:38 [INFO] ==========================================================
2026-03-03 11:28:41 [WARNING] AI 連線不穩或忙碌（準備重試 1/3）：HTTP Error 404: Not Found
2026-03-03 11:28:43 [WARNING] AI 連線不穩或忙碌（準備重試 2/3）：HTTP Error 404: Not Found
2026-03-03 11:28:55 [INFO] 守衛已手動停止。
2026-03-03 11:37:57 [INFO] ==========================================================
2026-03-03 11:37:57 [INFO]   意圖偵測守衛 v2.6 — 零延遲模式
2026-03-03 11:37:57 [INFO]   AI 模式：✅ 啟用
2026-03-03 11:37:57 [INFO]   設定檔：guard_config.json
2026-03-03 11:37:57 [INFO]   偵測頻率：0.5s | 短影音：0 秒攔截
2026-03-03 11:37:57 [INFO]   冷卻時間：15.0s
2026-03-03 11:37:57 [INFO]   監控：Chrome / Safari / Firefox / Edge / Brave / Arc
2026-03-03 11:37:57 [INFO] ==========================================================
2026-03-03 11:38:05 [WARNING] AI 連線不穩或忙碌（準備重試 1/3）：'parts'
2026-03-03 11:38:10 [WARNING] AI 連線不穩或忙碌（準備重試 2/3）：'parts'
2026-03-03 11:38:16 [WARNING] AI 判定連續失敗 3 次（強制改用關鍵字防護）：'parts'
2026-03-03 11:38:19 [INFO] 守衛已手動停止。
2026-03-03 13:12:14 [INFO] ==========================================================
2026-03-03 13:12:14 [INFO]   意圖偵測守衛 v2.6 — 零延遲模式
2026-03-03 13:12:14 [INFO]   AI 模式：✅ 啟用
2026-03-03 13:12:14 [INFO]   設定檔：guard_config.json
2026-03-03 13:12:14 [INFO]   偵測頻率：0.5s | 短影音：0 秒攔截
2026-03-03 13:12:14 [INFO]   冷卻時間：15.0s
2026-03-03 13:12:14 [INFO]   監控：Chrome / Safari / Firefox / Edge / Brave / Arc
2026-03-03 13:12:14 [INFO] ==========================================================
2026-03-03 13:12:24 [WARNING] 🚫 [零容忍] 即時攔截短影音：当我在游戏里结识大佬，你们有没有这么爽过？#搞笑 #内容过于真实 #校园 - YouTube
2026-03-03 13:12:24 [INFO] 已關閉分頁：Google Chrome
2026-03-03 13:13:10 [INFO] 守衛已手動停止。
2026-03-03 13:14:35 [INFO] ==========================================================
2026-03-03 13:14:35 [INFO]   意圖偵測守衛 v2.6 — 零延遲模式
2026-03-03 13:14:35 [INFO]   AI 模式：✅ 啟用
2026-03-03 13:14:35 [INFO]   設定檔：guard_config.json
2026-03-03 13:14:35 [INFO]   偵測頻率：0.5s | 短影音：0 秒攔截
2026-03-03 13:14:35 [INFO]   冷卻時間：15.0s
2026-03-03 13:14:35 [INFO]   監控：Chrome / Safari / Firefox / Edge / Brave / Arc
2026-03-03 13:14:35 [INFO] ==========================================================
2026-03-03 13:14:48 [WARNING] 🚫 [零容忍] 即時攔截短影音：失误造就的封神名场面！ - YouTube
2026-03-03 13:14:49 [INFO] 已強制導回首頁：Google Chrome
2026-03-03 13:15:05 [WARNING] API 回傳格式異常或被安全阻擋，當作安全放行
2026-03-03 13:15:05 [INFO] 🤖 AI 判定 [safe]：(19) YouTube
2026-03-03 13:15:19 [WARNING] API 回傳格式異常或被安全阻擋，當作安全放行
2026-03-03 13:15:19 [INFO] 🤖 AI 判定 [safe]：(19) Antigravity 實戰：無痛設定 Skills ，直出結構化筆記 - YouTube
2026-03-03 13:15:45 [WARNING] API 回傳格式異常或被安全阻擋，當作安全放行
2026-03-03 13:15:45 [INFO] 🤖 AI 判定 [safe]：(19) 周杰倫 - YouTube
2026-03-03 13:15:52 [WARNING] API 回傳格式異常或被安全阻擋，當作安全放行
2026-03-03 13:15:52 [INFO] 🤖 AI 判定 [safe]：(19) *周杰伦*Jay Chou慢歌精选30首合集 - 陪你一个慵懒的下午 - 30 Songs of t
2026-03-03 13:16:04 [WARNING] 🚫 [零容忍] 即時攔截短影音：(19) 周杰倫 - YouTube
2026-03-03 13:16:05 [INFO] 已強制導回首頁：Google Chrome
2026-03-03 13:17:08 [WARNING] 🚫 [零容忍] 即時攔截短影音：(19) 巴西禁術《卡波耶拉》#巴西戰舞 #卡波耶拉 #挌鬥 - YouTube
2026-03-03 13:17:09 [INFO] 已強制導回首頁：Google Chrome
2026-03-03 13:19:22 [INFO] 守衛已手動停止。
2026-03-03 13:21:55 [INFO] ==========================================================
2026-03-03 13:21:55 [INFO]   意圖偵測守衛 v2.6 — 零延遲模式
2026-03-03 13:21:55 [INFO]   AI 模式：✅ 啟用
2026-03-03 13:21:55 [INFO]   設定檔：guard_config.json
2026-03-03 13:21:55 [INFO]   偵測頻率：0.5s | 短影音：0 秒攔截
2026-03-03 13:21:55 [INFO]   冷卻時間：15.0s
2026-03-03 13:21:55 [INFO]   監控：Chrome / Safari / Firefox / Edge / Brave / Arc
2026-03-03 13:21:55 [INFO] ==========================================================
2026-03-03 13:21:59 [WARNING] API 回傳格式異常或被安全阻擋，當作安全放行
2026-03-03 13:21:59 [INFO] 🤖 AI 判定 [safe]：(19) YouTube
2026-03-03 13:22:10 [WARNING] 🚫 [零容忍] 即時攔截短影音：(19) Ray拆穿Uncle Roger一直在裝口音!😳 - YouTube
2026-03-03 13:22:10 [INFO] 已強制導回首頁：Google Chrome
2026-03-03 13:22:21 [WARNING] 🚫 [零容忍] 即時攔截短影音：YouTube
2026-03-03 13:22:22 [INFO] 已強制導回首頁：Google Chrome
2026-03-03 13:23:30 [WARNING] API 回傳格式異常或被安全阻擋，當作安全放行
2026-03-03 13:23:30 [INFO] 🤖 AI 判定 [safe]：(13) YouTube
2026-03-03 13:24:11 [WARNING] API 回傳格式異常或被安全阻擋，當作安全放行
2026-03-03 13:24:11 [INFO] 🤖 AI 判定 [safe]：(13) ROBLOX RIVALS 竞争者 我尝试网络上的谣言是真的吗？竟然武器伤害穿越墙壁！这样调狙击和瞄
2026-03-03 13:24:28 [WARNING] API 回傳格式異常或被安全阻擋，當作安全放行
2026-03-03 13:24:28 [INFO] 🤖 AI 判定 [safe]：(13) 歌歌歌歌歌歌歌歌歌【胡子Games】 | 20251105 - YouTube
2026-03-03 13:24:34 [WARNING] API 回傳格式異常或被安全阻擋，當作安全放行
2026-03-03 13:24:34 [INFO] 🤖 AI 判定 [safe]：(13) 【荒野亂鬥】日常記錄｜解鎖西里烏斯／西里烏斯降臨99勝任務獎勵！ - YouTube
2026-03-03 13:25:48 [WARNING] API 回傳格式異常或被安全阻擋，當作安全放行
2026-03-03 13:25:48 [INFO] 🤖 AI 判定 [safe]：(13) 【有感筆電】Roblox大挑戰#21：觀眾要我贏一場床戰，但我全程不能叫OMG或Bro！說IM GA
2026-03-03 13:26:06 [WARNING] 🚫 [零容忍] 即時攔截短影音：(13) 【有感筆電】Roblox大挑戰#21：觀眾要我贏一場床戰，但我全程不能叫OMG或Bro！說IM GA
2026-03-03 13:26:08 [INFO] 已強制導回首頁：Google Chrome
2026-03-03 13:29:16 [INFO] 守衛已手動停止。
2026-03-03 13:29:22 [INFO] ==========================================================
2026-03-03 13:29:22 [INFO]   意圖偵測守衛 v2.6 — 零延遲模式
2026-03-03 13:29:22 [INFO]   AI 模式：✅ 啟用
2026-03-03 13:29:22 [INFO]   設定檔：guard_config.json
2026-03-03 13:29:22 [INFO]   偵測頻率：0.5s | 短影音：0 秒攔截
2026-03-03 13:29:22 [INFO]   冷卻時間：15.0s
2026-03-03 13:29:22 [INFO]   監控：Chrome / Safari / Firefox / Edge / Brave / Arc
2026-03-03 13:29:22 [INFO] ==========================================================
2026-03-03 13:29:49 [WARNING] API 回傳格式異常或被安全阻擋，交由關鍵字防護接手
2026-03-03 13:29:54 [WARNING] API 回傳格式異常或被安全阻擋，交由關鍵字防護接手
2026-03-03 13:30:00 [WARNING] API 回傳格式異常或被安全阻擋，交由關鍵字防護接手
2026-03-03 13:30:07 [WARNING] API 回傳格式異常或被安全阻擋，交由關鍵字防護接手
2026-03-03 13:30:21 [WARNING] API 回傳格式異常或被安全阻擋，交由關鍵字防護接手
2026-03-03 13:30:21 [WARNING] ⛔ [YouTube 娛樂] 攔截：(13) 我可以騙過所有人我是「正版」的有感筆電嗎?!🥶 觀眾的反應讓我快笑死！【ROBLOX 大挑戰#29 
2026-03-03 13:30:22 [INFO] 已強制導回首頁：Google Chrome
2026-03-03 13:30:38 [WARNING] API 回傳格式異常或被安全阻擋，交由關鍵字防護接手
2026-03-03 13:30:44 [WARNING] API 回傳格式異常或被安全阻擋，交由關鍵字防護接手
2026-03-03 13:30:49 [WARNING] API 回傳格式異常或被安全阻擋，交由關鍵字防護接手
2026-03-03 13:30:55 [WARNING] API 回傳格式異常或被安全阻擋，交由關鍵字防護接手
2026-03-03 13:31:00 [WARNING] API 回傳格式異常或被安全阻擋，交由關鍵字防護接手
2026-03-03 13:31:04 [WARNING] API 回傳格式異常或被安全阻擋，交由關鍵字防護接手
2026-03-03 13:31:07 [WARNING] API 回傳格式異常或被安全阻擋，交由關鍵字防護接手
2026-03-03 13:31:13 [WARNING] API 回傳格式異常或被安全阻擋，交由關鍵字防護接手
2026-03-03 13:31:18 [WARNING] API 回傳格式異常或被安全阻擋，交由關鍵字防護接手
2026-03-03 13:31:23 [WARNING] API 回傳格式異常或被安全阻擋，交由關鍵字防護接手
2026-03-03 13:31:27 [WARNING] API 回傳格式異常或被安全阻擋，交由關鍵字防護接手
2026-03-03 13:31:31 [WARNING] API 回傳格式異常或被安全阻擋，交由關鍵字防護接手
2026-03-03 13:31:34 [WARNING] API 回傳格式異常或被安全阻擋，交由關鍵字防護接手
2026-03-03 13:31:37 [INFO] 守衛已手動停止。
2026-03-03 13:38:09 [WARNING] API 回傳格式異常或被安全阻擋，交由關鍵字防護接手
2026-03-03 13:38:11 [WARNING] API 回傳格式異常或被安全阻擋，交由關鍵字防護接手
2026-03-03 13:42:53 [INFO] ==========================================================
2026-03-03 13:42:53 [INFO]   意圖偵測守衛 v2.6 — 零延遲模式
2026-03-03 13:42:53 [INFO]   AI 模式：✅ 啟用
2026-03-03 13:42:53 [INFO]   設定檔：guard_config.json
2026-03-03 13:42:53 [INFO]   偵測頻率：0.5s | 短影音：0 秒攔截
2026-03-03 13:42:53 [INFO]   冷卻時間：15.0s
2026-03-03 13:42:53 [INFO]   監控：Chrome / Safari / Firefox / Edge / Brave / Arc
2026-03-03 13:42:53 [INFO] ==========================================================
2026-03-03 13:43:12 [WARNING] API 回傳格式異常或被安全阻擋，交由關鍵字防護接手
2026-03-03 13:43:12 [WARNING] ⛔ [YouTube 娛樂] 攔截：我把現實運動加入麥塊遊戲！ - YouTube
2026-03-03 13:43:13 [INFO] 已強制導回首頁：Google Chrome
2026-03-03 14:54:08 [WARNING] API 回傳格式異常或被安全阻擋，交由關鍵字防護接手
2026-03-03 15:56:30 [WARNING] API 回傳格式異常或被安全阻擋，交由關鍵字防護接手
2026-03-03 15:57:59 [WARNING] API 回傳格式異常或被安全阻擋，交由關鍵字防護接手
2026-03-03 15:58:03 [WARNING] API 回傳格式異常或被安全阻擋，交由關鍵字防護接手
2026-03-03 16:03:40 [INFO] 守衛已手動停止。
2026-03-03 16:04:05 [INFO] ==========================================================
2026-03-03 16:04:05 [INFO]   意圖偵測守衛 v2.6 — 零延遲模式
2026-03-03 16:04:05 [INFO]   AI 模式：✅ 啟用
2026-03-03 16:04:05 [INFO]   設定檔：guard_config.json
2026-03-03 16:04:05 [INFO]   偵測頻率：0.5s | 短影音：0 秒攔截
2026-03-03 16:04:05 [INFO]   冷卻時間：15.0s
2026-03-03 16:04:05 [INFO]   監控：Chrome / Safari / Firefox / Edge / Brave / Arc
2026-03-03 16:04:05 [INFO] ==========================================================
2026-03-03 16:04:07 [WARNING] API 回傳格式異常或被安全阻擋，交由關鍵字防護接手
2026-03-03 16:04:27 [WARNING] API 回傳格式異常或被安全阻擋，交由關鍵字防護接手
2026-03-03 16:04:27 [WARNING] ⛔ [YouTube 娛樂] 攔截：ROBLOX RIVALS 竞争者 让瞄准加上准的方法！ 90%射击玩家不知道！5%灵敏度超慢速度都可以胜利！
2026-03-03 16:04:28 [INFO] 已強制導回首頁：Google Chrome
2026-03-03 16:05:28 [WARNING] API 回傳格式異常或被安全阻擋，交由關鍵字防護接手
2026-03-03 16:05:28 [WARNING] ⛔ [YouTube 娛樂] 攔截：【Blox Fruits】為了加入紅頭王軍團！我成為赤鬼殺手剷除異端份子！【Roblox 海賊王】【機械方塊】
2026-03-03 16:05:29 [INFO] 已強制導回首頁：Google Chrome
2026-03-03 16:05:48 [WARNING] API 回傳格式異常或被安全阻擋，交由關鍵字防護接手
2026-03-03 16:07:21 [WARNING] API 回傳格式異常或被安全阻擋，交由關鍵字防護接手
2026-03-03 16:07:42 [INFO] 守衛已手動停止。
2026-03-03 16:09:29 [WARNING] API 回傳格式異常或被安全阻擋，交由關鍵字防護接手
2026-03-03 18:43:39 [INFO] ==========================================================
2026-03-03 18:43:39 [INFO]   意圖偵測守衛 v2.6 — 零延遲模式
2026-03-03 18:43:39 [INFO]   AI 模式：✅ 啟用
2026-03-03 18:43:39 [INFO]   設定檔：guard_config.json
2026-03-03 18:43:39 [INFO]   偵測頻率：0.5s | 短影音：0 秒攔截
2026-03-03 18:43:39 [INFO]   冷卻時間：15.0s
2026-03-03 18:43:39 [INFO]   監控：Chrome / Safari / Firefox / Edge / Brave / Arc
2026-03-03 18:43:39 [INFO] ==========================================================
2026-03-03 18:44:35 [WARNING] 🚫 [零容忍] 即時攔截短影音：(1) 斑馬做著最詭異的熱身動作! #shorts #nba #籃球 - YouTube
2026-03-03 18:44:36 [INFO] 已強制導回首頁：Google Chrome
2026-03-03 18:45:20 [WARNING] API 回傳格式異常或被安全阻擋，交由關鍵字防護接手
2026-03-03 18:45:20 [WARNING] ⛔ [YouTube 娛樂] 攔截：(1) ROBLOX 咒術迴戰！我變成全世界最強的五條悟了！但有黑粉居然偷襲我..只好領域展開了！【Jujut
2026-03-03 18:45:21 [INFO] 已強制導回首頁：Google Chrome
2026-03-03 18:45:46 [WARNING] API 回傳格式異常或被安全阻擋，交由關鍵字防護接手
2026-03-03 18:45:46 [WARNING] ⛔ [YouTube 娛樂] 攔截：(1) ROBLOX RIVALS 竞争者 我尝试网络上的谣言是真的吗？竟然武器伤害穿越墙壁！这样调狙击和瞄准
2026-03-03 18:45:47 [INFO] 已強制導回首頁：Google Chrome
2026-03-03 18:49:05 [INFO] 守衛已手動停止。
